<?xml version="1.0" encoding="UTF-8"?>
<testng-results skipped="0" failed="0" ignored="0" total="1" passed="1">
  <reporter-output>
  </reporter-output>
  <suite name="Default suite" duration-ms="5512" started-at="2020-08-06T10:52:37 IST" finished-at="2020-08-06T10:52:43 IST">
    <groups>
    </groups>
    <test name="Default test" duration-ms="5512" started-at="2020-08-06T10:52:37 IST" finished-at="2020-08-06T10:52:43 IST">
      <class name="com.rest.assured.RestAssured.Get_Rest_Assured">
        <test-method status="PASS" signature="commonURI()[pri:0, instance:com.rest.assured.RestAssured.Get_Rest_Assured@7f13d6e]" name="commonURI" is-config="true" duration-ms="747" started-at="2020-08-06T10:52:37 IST" finished-at="2020-08-06T10:52:38 IST">
          <reporter-output>
          </reporter-output>
        </test-method> <!-- commonURI -->
        <test-method status="PASS" signature="get_01()[pri:0, instance:com.rest.assured.RestAssured.Get_Rest_Assured@7f13d6e]" name="get_01" duration-ms="4706" started-at="2020-08-06T10:52:38 IST" finished-at="2020-08-06T10:52:43 IST">
          <reporter-output>
          </reporter-output>
        </test-method> <!-- get_01 -->
      </class> <!-- com.rest.assured.RestAssured.Get_Rest_Assured -->
    </test> <!-- Default test -->
  </suite> <!-- Default suite -->
</testng-results>
